{"/Users/HP/Desktop/incubyte/backend/middleware/auth.js": {"path":"/Users/HP/Desktop/incubyte/backend/middleware/auth.js","statementMap":{"0":{"start":{"line":1,"column":12},"end":{"line":1,"column":35}},"1":{"start":{"line":2,"column":13},"end":{"line":2,"column":38}},"2":{"start":{"line":4,"column":13},"end":{"line":24,"column":1}},"3":{"start":{"line":5,"column":2},"end":{"line":23,"column":3}},"4":{"start":{"line":6,"column":18},"end":{"line":6,"column":69}},"5":{"start":{"line":8,"column":4},"end":{"line":10,"column":5}},"6":{"start":{"line":9,"column":6},"end":{"line":9,"column":90}},"7":{"start":{"line":12,"column":20},"end":{"line":12,"column":61}},"8":{"start":{"line":13,"column":17},"end":{"line":13,"column":72}},"9":{"start":{"line":15,"column":4},"end":{"line":17,"column":5}},"10":{"start":{"line":16,"column":6},"end":{"line":16,"column":69}},"11":{"start":{"line":19,"column":4},"end":{"line":19,"column":20}},"12":{"start":{"line":20,"column":4},"end":{"line":20,"column":11}},"13":{"start":{"line":22,"column":4},"end":{"line":22,"column":60}},"14":{"start":{"line":26,"column":18},"end":{"line":31,"column":1}},"15":{"start":{"line":27,"column":2},"end":{"line":29,"column":3}},"16":{"start":{"line":28,"column":4},"end":{"line":28,"column":90}},"17":{"start":{"line":30,"column":2},"end":{"line":30,"column":9}},"18":{"start":{"line":33,"column":0},"end":{"line":33,"column":37}}},"fnMap":{"0":{"name":"(anonymous_0)","decl":{"start":{"line":4,"column":13},"end":{"line":4,"column":14}},"loc":{"start":{"line":4,"column":39},"end":{"line":24,"column":1}},"line":4},"1":{"name":"(anonymous_1)","decl":{"start":{"line":26,"column":18},"end":{"line":26,"column":19}},"loc":{"start":{"line":26,"column":38},"end":{"line":31,"column":1}},"line":26}},"branchMap":{"0":{"loc":{"start":{"line":8,"column":4},"end":{"line":10,"column":5}},"type":"if","locations":[{"start":{"line":8,"column":4},"end":{"line":10,"column":5}},{"start":{},"end":{}}],"line":8},"1":{"loc":{"start":{"line":15,"column":4},"end":{"line":17,"column":5}},"type":"if","locations":[{"start":{"line":15,"column":4},"end":{"line":17,"column":5}},{"start":{},"end":{}}],"line":15},"2":{"loc":{"start":{"line":27,"column":2},"end":{"line":29,"column":3}},"type":"if","locations":[{"start":{"line":27,"column":2},"end":{"line":29,"column":3}},{"start":{},"end":{}}],"line":27}},"s":{"0":2,"1":2,"2":2,"3":9,"4":9,"5":9,"6":0,"7":9,"8":9,"9":9,"10":0,"11":9,"12":9,"13":0,"14":2,"15":6,"16":1,"17":5,"18":2},"f":{"0":9,"1":6},"b":{"0":[0,9],"1":[0,9],"2":[1,5]},"_coverageSchema":"1a1c01bbd47fc00a2c39e90264f33305004495a9","hash":"460996b3049377f6c8bbea015410e547e6633291"}
,"/Users/HP/Desktop/incubyte/backend/models/Sweet.js": {"path":"/Users/HP/Desktop/incubyte/backend/models/Sweet.js","statementMap":{"0":{"start":{"line":1,"column":17},"end":{"line":1,"column":36}},"1":{"start":{"line":3,"column":20},"end":{"line":27,"column":2}},"2":{"start":{"line":29,"column":0},"end":{"line":29,"column":54}}},"fnMap":{},"branchMap":{},"s":{"0":2,"1":2,"2":2},"f":{},"b":{},"_coverageSchema":"1a1c01bbd47fc00a2c39e90264f33305004495a9","hash":"63d8ab5f5612dcbb567a7d3d407143e354fe52cf"}
,"/Users/HP/Desktop/incubyte/backend/models/User.js": {"path":"/Users/HP/Desktop/incubyte/backend/models/User.js","statementMap":{"0":{"start":{"line":1,"column":17},"end":{"line":1,"column":36}},"1":{"start":{"line":2,"column":15},"end":{"line":2,"column":34}},"2":{"start":{"line":4,"column":19},"end":{"line":29,"column":2}},"3":{"start":{"line":32,"column":0},"end":{"line":36,"column":3}},"4":{"start":{"line":33,"column":2},"end":{"line":33,"column":50}},"5":{"start":{"line":33,"column":36},"end":{"line":33,"column":50}},"6":{"start":{"line":34,"column":2},"end":{"line":34,"column":55}},"7":{"start":{"line":35,"column":2},"end":{"line":35,"column":9}},"8":{"start":{"line":39,"column":0},"end":{"line":41,"column":2}},"9":{"start":{"line":40,"column":2},"end":{"line":40,"column":64}},"10":{"start":{"line":43,"column":0},"end":{"line":43,"column":52}}},"fnMap":{"0":{"name":"(anonymous_0)","decl":{"start":{"line":32,"column":23},"end":{"line":32,"column":24}},"loc":{"start":{"line":32,"column":44},"end":{"line":36,"column":1}},"line":32},"1":{"name":"(anonymous_1)","decl":{"start":{"line":39,"column":37},"end":{"line":39,"column":38}},"loc":{"start":{"line":39,"column":71},"end":{"line":41,"column":1}},"line":39}},"branchMap":{"0":{"loc":{"start":{"line":33,"column":2},"end":{"line":33,"column":50}},"type":"if","locations":[{"start":{"line":33,"column":2},"end":{"line":33,"column":50}},{"start":{},"end":{}}],"line":33}},"s":{"0":2,"1":2,"2":2,"3":2,"4":17,"5":0,"6":17,"7":17,"8":2,"9":2,"10":2},"f":{"0":17,"1":2},"b":{"0":[0,17]},"_coverageSchema":"1a1c01bbd47fc00a2c39e90264f33305004495a9","hash":"dba1fb8f267b2c4cb261df07a33c71682a270edd"}
,"/Users/HP/Desktop/incubyte/backend/routes/auth.js": {"path":"/Users/HP/Desktop/incubyte/backend/routes/auth.js","statementMap":{"0":{"start":{"line":1,"column":16},"end":{"line":1,"column":34}},"1":{"start":{"line":2,"column":35},"end":{"line":2,"column":63}},"2":{"start":{"line":3,"column":12},"end":{"line":3,"column":35}},"3":{"start":{"line":4,"column":13},"end":{"line":4,"column":38}},"4":{"start":{"line":5,"column":17},"end":{"line":5,"column":46}},"5":{"start":{"line":7,"column":15},"end":{"line":7,"column":31}},"6":{"start":{"line":10,"column":22},"end":{"line":12,"column":1}},"7":{"start":{"line":11,"column":2},"end":{"line":11,"column":75}},"8":{"start":{"line":17,"column":0},"end":{"line":61,"column":3}},"9":{"start":{"line":22,"column":2},"end":{"line":60,"column":3}},"10":{"start":{"line":23,"column":19},"end":{"line":23,"column":40}},"11":{"start":{"line":24,"column":4},"end":{"line":26,"column":5}},"12":{"start":{"line":25,"column":6},"end":{"line":25,"column":62}},"13":{"start":{"line":28,"column":44},"end":{"line":28,"column":52}},"14":{"start":{"line":31,"column":25},"end":{"line":31,"column":54}},"15":{"start":{"line":32,"column":4},"end":{"line":34,"column":5}},"16":{"start":{"line":33,"column":6},"end":{"line":33,"column":86}},"17":{"start":{"line":37,"column":17},"end":{"line":42,"column":6}},"18":{"start":{"line":44,"column":4},"end":{"line":44,"column":22}},"19":{"start":{"line":46,"column":18},"end":{"line":46,"column":41}},"20":{"start":{"line":48,"column":4},"end":{"line":56,"column":7}},"21":{"start":{"line":58,"column":4},"end":{"line":58,"column":48}},"22":{"start":{"line":59,"column":4},"end":{"line":59,"column":74}},"23":{"start":{"line":66,"column":0},"end":{"line":105,"column":3}},"24":{"start":{"line":70,"column":2},"end":{"line":104,"column":3}},"25":{"start":{"line":71,"column":19},"end":{"line":71,"column":40}},"26":{"start":{"line":72,"column":4},"end":{"line":74,"column":5}},"27":{"start":{"line":73,"column":6},"end":{"line":73,"column":62}},"28":{"start":{"line":76,"column":32},"end":{"line":76,"column":40}},"29":{"start":{"line":79,"column":17},"end":{"line":79,"column":46}},"30":{"start":{"line":80,"column":4},"end":{"line":82,"column":5}},"31":{"start":{"line":81,"column":6},"end":{"line":81,"column":70}},"32":{"start":{"line":85,"column":20},"end":{"line":85,"column":56}},"33":{"start":{"line":86,"column":4},"end":{"line":88,"column":5}},"34":{"start":{"line":87,"column":6},"end":{"line":87,"column":70}},"35":{"start":{"line":90,"column":18},"end":{"line":90,"column":41}},"36":{"start":{"line":92,"column":4},"end":{"line":100,"column":7}},"37":{"start":{"line":102,"column":4},"end":{"line":102,"column":41}},"38":{"start":{"line":103,"column":4},"end":{"line":103,"column":67}},"39":{"start":{"line":110,"column":0},"end":{"line":119,"column":3}},"40":{"start":{"line":111,"column":2},"end":{"line":118,"column":5}},"41":{"start":{"line":121,"column":0},"end":{"line":121,"column":24}}},"fnMap":{"0":{"name":"(anonymous_0)","decl":{"start":{"line":10,"column":22},"end":{"line":10,"column":23}},"loc":{"start":{"line":10,"column":34},"end":{"line":12,"column":1}},"line":10},"1":{"name":"(anonymous_1)","decl":{"start":{"line":21,"column":3},"end":{"line":21,"column":4}},"loc":{"start":{"line":21,"column":23},"end":{"line":61,"column":1}},"line":21},"2":{"name":"(anonymous_2)","decl":{"start":{"line":69,"column":3},"end":{"line":69,"column":4}},"loc":{"start":{"line":69,"column":23},"end":{"line":105,"column":1}},"line":69},"3":{"name":"(anonymous_3)","decl":{"start":{"line":110,"column":24},"end":{"line":110,"column":25}},"loc":{"start":{"line":110,"column":44},"end":{"line":119,"column":1}},"line":110}},"branchMap":{"0":{"loc":{"start":{"line":24,"column":4},"end":{"line":26,"column":5}},"type":"if","locations":[{"start":{"line":24,"column":4},"end":{"line":26,"column":5}},{"start":{},"end":{}}],"line":24},"1":{"loc":{"start":{"line":32,"column":4},"end":{"line":34,"column":5}},"type":"if","locations":[{"start":{"line":32,"column":4},"end":{"line":34,"column":5}},{"start":{},"end":{}}],"line":32},"2":{"loc":{"start":{"line":41,"column":12},"end":{"line":41,"column":47}},"type":"cond-expr","locations":[{"start":{"line":41,"column":31},"end":{"line":41,"column":38}},{"start":{"line":41,"column":41},"end":{"line":41,"column":47}}],"line":41},"3":{"loc":{"start":{"line":72,"column":4},"end":{"line":74,"column":5}},"type":"if","locations":[{"start":{"line":72,"column":4},"end":{"line":74,"column":5}},{"start":{},"end":{}}],"line":72},"4":{"loc":{"start":{"line":80,"column":4},"end":{"line":82,"column":5}},"type":"if","locations":[{"start":{"line":80,"column":4},"end":{"line":82,"column":5}},{"start":{},"end":{}}],"line":80},"5":{"loc":{"start":{"line":86,"column":4},"end":{"line":88,"column":5}},"type":"if","locations":[{"start":{"line":86,"column":4},"end":{"line":88,"column":5}},{"start":{},"end":{}}],"line":86}},"s":{"0":2,"1":2,"2":2,"3":2,"4":2,"5":2,"6":2,"7":18,"8":2,"9":18,"10":18,"11":18,"12":1,"13":17,"14":17,"15":17,"16":0,"17":17,"18":17,"19":17,"20":17,"21":0,"22":0,"23":2,"24":2,"25":2,"26":2,"27":0,"28":2,"29":2,"30":2,"31":0,"32":2,"33":2,"34":1,"35":1,"36":1,"37":0,"38":0,"39":2,"40":0,"41":2},"f":{"0":18,"1":18,"2":2,"3":0},"b":{"0":[1,17],"1":[0,17],"2":[6,11],"3":[0,2],"4":[0,2],"5":[1,1]},"_coverageSchema":"1a1c01bbd47fc00a2c39e90264f33305004495a9","hash":"91ac545791e6463bfc1d68fae03feae20be87f8c"}
,"/Users/HP/Desktop/incubyte/backend/routes/sweets.js": {"path":"/Users/HP/Desktop/incubyte/backend/routes/sweets.js","statementMap":{"0":{"start":{"line":1,"column":16},"end":{"line":1,"column":34}},"1":{"start":{"line":2,"column":42},"end":{"line":2,"column":70}},"2":{"start":{"line":3,"column":14},"end":{"line":3,"column":40}},"3":{"start":{"line":4,"column":28},"end":{"line":4,"column":57}},"4":{"start":{"line":6,"column":15},"end":{"line":6,"column":31}},"5":{"start":{"line":11,"column":0},"end":{"line":35,"column":3}},"6":{"start":{"line":19,"column":2},"end":{"line":34,"column":3}},"7":{"start":{"line":20,"column":19},"end":{"line":20,"column":40}},"8":{"start":{"line":21,"column":4},"end":{"line":23,"column":5}},"9":{"start":{"line":22,"column":6},"end":{"line":22,"column":62}},"10":{"start":{"line":25,"column":48},"end":{"line":25,"column":56}},"11":{"start":{"line":27,"column":18},"end":{"line":27,"column":64}},"12":{"start":{"line":28,"column":4},"end":{"line":28,"column":23}},"13":{"start":{"line":30,"column":4},"end":{"line":30,"column":32}},"14":{"start":{"line":32,"column":4},"end":{"line":32,"column":48}},"15":{"start":{"line":33,"column":4},"end":{"line":33,"column":75}},"16":{"start":{"line":40,"column":0},"end":{"line":48,"column":3}},"17":{"start":{"line":41,"column":2},"end":{"line":47,"column":3}},"18":{"start":{"line":42,"column":19},"end":{"line":42,"column":61}},"19":{"start":{"line":43,"column":4},"end":{"line":43,"column":21}},"20":{"start":{"line":45,"column":4},"end":{"line":45,"column":46}},"21":{"start":{"line":46,"column":4},"end":{"line":46,"column":76}},"22":{"start":{"line":53,"column":0},"end":{"line":84,"column":3}},"23":{"start":{"line":60,"column":2},"end":{"line":83,"column":3}},"24":{"start":{"line":61,"column":51},"end":{"line":61,"column":60}},"25":{"start":{"line":62,"column":18},"end":{"line":62,"column":20}},"26":{"start":{"line":64,"column":4},"end":{"line":66,"column":5}},"27":{"start":{"line":65,"column":6},"end":{"line":65,"column":51}},"28":{"start":{"line":68,"column":4},"end":{"line":70,"column":5}},"29":{"start":{"line":69,"column":6},"end":{"line":69,"column":59}},"30":{"start":{"line":72,"column":4},"end":{"line":76,"column":5}},"31":{"start":{"line":73,"column":6},"end":{"line":73,"column":23}},"32":{"start":{"line":74,"column":6},"end":{"line":74,"column":60}},"33":{"start":{"line":74,"column":20},"end":{"line":74,"column":60}},"34":{"start":{"line":75,"column":6},"end":{"line":75,"column":60}},"35":{"start":{"line":75,"column":20},"end":{"line":75,"column":60}},"36":{"start":{"line":78,"column":19},"end":{"line":78,"column":66}},"37":{"start":{"line":79,"column":4},"end":{"line":79,"column":21}},"38":{"start":{"line":81,"column":4},"end":{"line":81,"column":49}},"39":{"start":{"line":82,"column":4},"end":{"line":82,"column":77}},"40":{"start":{"line":89,"column":0},"end":{"line":100,"column":3}},"41":{"start":{"line":90,"column":2},"end":{"line":99,"column":3}},"42":{"start":{"line":91,"column":18},"end":{"line":91,"column":53}},"43":{"start":{"line":92,"column":4},"end":{"line":94,"column":5}},"44":{"start":{"line":93,"column":6},"end":{"line":93,"column":66}},"45":{"start":{"line":95,"column":4},"end":{"line":95,"column":20}},"46":{"start":{"line":97,"column":4},"end":{"line":97,"column":45}},"47":{"start":{"line":98,"column":4},"end":{"line":98,"column":75}},"48":{"start":{"line":105,"column":0},"end":{"line":136,"column":3}},"49":{"start":{"line":113,"column":2},"end":{"line":135,"column":3}},"50":{"start":{"line":114,"column":19},"end":{"line":114,"column":40}},"51":{"start":{"line":115,"column":4},"end":{"line":117,"column":5}},"52":{"start":{"line":116,"column":6},"end":{"line":116,"column":62}},"53":{"start":{"line":119,"column":18},"end":{"line":119,"column":53}},"54":{"start":{"line":120,"column":4},"end":{"line":122,"column":5}},"55":{"start":{"line":121,"column":6},"end":{"line":121,"column":66}},"56":{"start":{"line":124,"column":48},"end":{"line":124,"column":56}},"57":{"start":{"line":125,"column":4},"end":{"line":125,"column":32}},"58":{"start":{"line":125,"column":14},"end":{"line":125,"column":32}},"59":{"start":{"line":126,"column":4},"end":{"line":126,"column":44}},"60":{"start":{"line":126,"column":18},"end":{"line":126,"column":44}},"61":{"start":{"line":127,"column":4},"end":{"line":127,"column":49}},"62":{"start":{"line":127,"column":29},"end":{"line":127,"column":49}},"63":{"start":{"line":128,"column":4},"end":{"line":128,"column":58}},"64":{"start":{"line":128,"column":32},"end":{"line":128,"column":58}},"65":{"start":{"line":130,"column":4},"end":{"line":130,"column":23}},"66":{"start":{"line":131,"column":4},"end":{"line":131,"column":20}},"67":{"start":{"line":133,"column":4},"end":{"line":133,"column":48}},"68":{"start":{"line":134,"column":4},"end":{"line":134,"column":75}},"69":{"start":{"line":141,"column":0},"end":{"line":154,"column":3}},"70":{"start":{"line":142,"column":2},"end":{"line":153,"column":3}},"71":{"start":{"line":143,"column":18},"end":{"line":143,"column":53}},"72":{"start":{"line":144,"column":4},"end":{"line":146,"column":5}},"73":{"start":{"line":145,"column":6},"end":{"line":145,"column":66}},"74":{"start":{"line":148,"column":4},"end":{"line":148,"column":28}},"75":{"start":{"line":149,"column":4},"end":{"line":149,"column":56}},"76":{"start":{"line":151,"column":4},"end":{"line":151,"column":48}},"77":{"start":{"line":152,"column":4},"end":{"line":152,"column":75}},"78":{"start":{"line":159,"column":0},"end":{"line":178,"column":3}},"79":{"start":{"line":160,"column":2},"end":{"line":177,"column":3}},"80":{"start":{"line":161,"column":18},"end":{"line":161,"column":53}},"81":{"start":{"line":162,"column":4},"end":{"line":164,"column":5}},"82":{"start":{"line":163,"column":6},"end":{"line":163,"column":66}},"83":{"start":{"line":166,"column":4},"end":{"line":168,"column":5}},"84":{"start":{"line":167,"column":6},"end":{"line":167,"column":72}},"85":{"start":{"line":170,"column":4},"end":{"line":170,"column":24}},"86":{"start":{"line":171,"column":4},"end":{"line":171,"column":23}},"87":{"start":{"line":173,"column":4},"end":{"line":173,"column":56}},"88":{"start":{"line":175,"column":4},"end":{"line":175,"column":44}},"89":{"start":{"line":176,"column":4},"end":{"line":176,"column":70}},"90":{"start":{"line":183,"column":0},"end":{"line":208,"column":3}},"91":{"start":{"line":188,"column":2},"end":{"line":207,"column":3}},"92":{"start":{"line":189,"column":19},"end":{"line":189,"column":40}},"93":{"start":{"line":190,"column":4},"end":{"line":192,"column":5}},"94":{"start":{"line":191,"column":6},"end":{"line":191,"column":62}},"95":{"start":{"line":194,"column":18},"end":{"line":194,"column":53}},"96":{"start":{"line":195,"column":4},"end":{"line":197,"column":5}},"97":{"start":{"line":196,"column":6},"end":{"line":196,"column":66}},"98":{"start":{"line":199,"column":25},"end":{"line":199,"column":33}},"99":{"start":{"line":200,"column":4},"end":{"line":200,"column":41}},"100":{"start":{"line":201,"column":4},"end":{"line":201,"column":23}},"101":{"start":{"line":203,"column":4},"end":{"line":203,"column":55}},"102":{"start":{"line":205,"column":4},"end":{"line":205,"column":43}},"103":{"start":{"line":206,"column":4},"end":{"line":206,"column":69}},"104":{"start":{"line":210,"column":0},"end":{"line":210,"column":24}}},"fnMap":{"0":{"name":"(anonymous_0)","decl":{"start":{"line":18,"column":3},"end":{"line":18,"column":4}},"loc":{"start":{"line":18,"column":23},"end":{"line":35,"column":1}},"line":18},"1":{"name":"(anonymous_1)","decl":{"start":{"line":40,"column":22},"end":{"line":40,"column":23}},"loc":{"start":{"line":40,"column":42},"end":{"line":48,"column":1}},"line":40},"2":{"name":"(anonymous_2)","decl":{"start":{"line":59,"column":3},"end":{"line":59,"column":4}},"loc":{"start":{"line":59,"column":23},"end":{"line":84,"column":1}},"line":59},"3":{"name":"(anonymous_3)","decl":{"start":{"line":89,"column":25},"end":{"line":89,"column":26}},"loc":{"start":{"line":89,"column":45},"end":{"line":100,"column":1}},"line":89},"4":{"name":"(anonymous_4)","decl":{"start":{"line":112,"column":3},"end":{"line":112,"column":4}},"loc":{"start":{"line":112,"column":23},"end":{"line":136,"column":1}},"line":112},"5":{"name":"(anonymous_5)","decl":{"start":{"line":141,"column":41},"end":{"line":141,"column":42}},"loc":{"start":{"line":141,"column":61},"end":{"line":154,"column":1}},"line":141},"6":{"name":"(anonymous_6)","decl":{"start":{"line":159,"column":35},"end":{"line":159,"column":36}},"loc":{"start":{"line":159,"column":55},"end":{"line":178,"column":1}},"line":159},"7":{"name":"(anonymous_7)","decl":{"start":{"line":187,"column":3},"end":{"line":187,"column":4}},"loc":{"start":{"line":187,"column":23},"end":{"line":208,"column":1}},"line":187}},"branchMap":{"0":{"loc":{"start":{"line":21,"column":4},"end":{"line":23,"column":5}},"type":"if","locations":[{"start":{"line":21,"column":4},"end":{"line":23,"column":5}},{"start":{},"end":{}}],"line":21},"1":{"loc":{"start":{"line":64,"column":4},"end":{"line":66,"column":5}},"type":"if","locations":[{"start":{"line":64,"column":4},"end":{"line":66,"column":5}},{"start":{},"end":{}}],"line":64},"2":{"loc":{"start":{"line":68,"column":4},"end":{"line":70,"column":5}},"type":"if","locations":[{"start":{"line":68,"column":4},"end":{"line":70,"column":5}},{"start":{},"end":{}}],"line":68},"3":{"loc":{"start":{"line":72,"column":4},"end":{"line":76,"column":5}},"type":"if","locations":[{"start":{"line":72,"column":4},"end":{"line":76,"column":5}},{"start":{},"end":{}}],"line":72},"4":{"loc":{"start":{"line":72,"column":8},"end":{"line":72,"column":28}},"type":"binary-expr","locations":[{"start":{"line":72,"column":8},"end":{"line":72,"column":16}},{"start":{"line":72,"column":20},"end":{"line":72,"column":28}}],"line":72},"5":{"loc":{"start":{"line":74,"column":6},"end":{"line":74,"column":60}},"type":"if","locations":[{"start":{"line":74,"column":6},"end":{"line":74,"column":60}},{"start":{},"end":{}}],"line":74},"6":{"loc":{"start":{"line":75,"column":6},"end":{"line":75,"column":60}},"type":"if","locations":[{"start":{"line":75,"column":6},"end":{"line":75,"column":60}},{"start":{},"end":{}}],"line":75},"7":{"loc":{"start":{"line":92,"column":4},"end":{"line":94,"column":5}},"type":"if","locations":[{"start":{"line":92,"column":4},"end":{"line":94,"column":5}},{"start":{},"end":{}}],"line":92},"8":{"loc":{"start":{"line":115,"column":4},"end":{"line":117,"column":5}},"type":"if","locations":[{"start":{"line":115,"column":4},"end":{"line":117,"column":5}},{"start":{},"end":{}}],"line":115},"9":{"loc":{"start":{"line":120,"column":4},"end":{"line":122,"column":5}},"type":"if","locations":[{"start":{"line":120,"column":4},"end":{"line":122,"column":5}},{"start":{},"end":{}}],"line":120},"10":{"loc":{"start":{"line":125,"column":4},"end":{"line":125,"column":32}},"type":"if","locations":[{"start":{"line":125,"column":4},"end":{"line":125,"column":32}},{"start":{},"end":{}}],"line":125},"11":{"loc":{"start":{"line":126,"column":4},"end":{"line":126,"column":44}},"type":"if","locations":[{"start":{"line":126,"column":4},"end":{"line":126,"column":44}},{"start":{},"end":{}}],"line":126},"12":{"loc":{"start":{"line":127,"column":4},"end":{"line":127,"column":49}},"type":"if","locations":[{"start":{"line":127,"column":4},"end":{"line":127,"column":49}},{"start":{},"end":{}}],"line":127},"13":{"loc":{"start":{"line":128,"column":4},"end":{"line":128,"column":58}},"type":"if","locations":[{"start":{"line":128,"column":4},"end":{"line":128,"column":58}},{"start":{},"end":{}}],"line":128},"14":{"loc":{"start":{"line":144,"column":4},"end":{"line":146,"column":5}},"type":"if","locations":[{"start":{"line":144,"column":4},"end":{"line":146,"column":5}},{"start":{},"end":{}}],"line":144},"15":{"loc":{"start":{"line":162,"column":4},"end":{"line":164,"column":5}},"type":"if","locations":[{"start":{"line":162,"column":4},"end":{"line":164,"column":5}},{"start":{},"end":{}}],"line":162},"16":{"loc":{"start":{"line":166,"column":4},"end":{"line":168,"column":5}},"type":"if","locations":[{"start":{"line":166,"column":4},"end":{"line":168,"column":5}},{"start":{},"end":{}}],"line":166},"17":{"loc":{"start":{"line":190,"column":4},"end":{"line":192,"column":5}},"type":"if","locations":[{"start":{"line":190,"column":4},"end":{"line":192,"column":5}},{"start":{},"end":{}}],"line":190},"18":{"loc":{"start":{"line":195,"column":4},"end":{"line":197,"column":5}},"type":"if","locations":[{"start":{"line":195,"column":4},"end":{"line":197,"column":5}},{"start":{},"end":{}}],"line":195}},"s":{"0":2,"1":2,"2":2,"3":2,"4":2,"5":2,"6":4,"7":4,"8":4,"9":0,"10":4,"11":4,"12":4,"13":4,"14":0,"15":0,"16":2,"17":1,"18":1,"19":1,"20":0,"21":0,"22":2,"23":0,"24":0,"25":0,"26":0,"27":0,"28":0,"29":0,"30":0,"31":0,"32":0,"33":0,"34":0,"35":0,"36":0,"37":0,"38":0,"39":0,"40":2,"41":0,"42":0,"43":0,"44":0,"45":0,"46":0,"47":0,"48":2,"49":0,"50":0,"51":0,"52":0,"53":0,"54":0,"55":0,"56":0,"57":0,"58":0,"59":0,"60":0,"61":0,"62":0,"63":0,"64":0,"65":0,"66":0,"67":0,"68":0,"69":2,"70":0,"71":0,"72":0,"73":0,"74":0,"75":0,"76":0,"77":0,"78":2,"79":2,"80":2,"81":2,"82":0,"83":2,"84":1,"85":1,"86":1,"87":1,"88":0,"89":0,"90":2,"91":1,"92":1,"93":1,"94":0,"95":1,"96":1,"97":0,"98":1,"99":1,"100":1,"101":1,"102":0,"103":0,"104":2},"f":{"0":4,"1":1,"2":0,"3":0,"4":0,"5":0,"6":2,"7":1},"b":{"0":[0,4],"1":[0,0],"2":[0,0],"3":[0,0],"4":[0,0],"5":[0,0],"6":[0,0],"7":[0,0],"8":[0,0],"9":[0,0],"10":[0,0],"11":[0,0],"12":[0,0],"13":[0,0],"14":[0,0],"15":[0,2],"16":[1,1],"17":[0,1],"18":[0,1]},"_coverageSchema":"1a1c01bbd47fc00a2c39e90264f33305004495a9","hash":"82d4c0660a76dd8b376487d50c8bd276a9422c77"}
}
