TN:
SF:middleware/auth.js
FN:4,(anonymous_0)
FN:26,(anonymous_1)
FNF:2
FNH:2
FNDA:9,(anonymous_0)
FNDA:6,(anonymous_1)
DA:1,2
DA:2,2
DA:4,2
DA:5,9
DA:6,9
DA:8,9
DA:9,0
DA:12,9
DA:13,9
DA:15,9
DA:16,0
DA:19,9
DA:20,9
DA:22,0
DA:26,2
DA:27,6
DA:28,1
DA:30,5
DA:33,2
LF:19
LH:16
BRDA:8,0,0,0
BRDA:8,0,1,9
BRDA:15,1,0,0
BRDA:15,1,1,9
BRDA:27,2,0,1
BRDA:27,2,1,5
BRF:6
BRH:4
end_of_record
TN:
SF:models/Sweet.js
FNF:0
FNH:0
DA:1,2
DA:3,2
DA:29,2
LF:3
LH:3
BRF:0
BRH:0
end_of_record
TN:
SF:models/User.js
FN:32,(anonymous_0)
FN:39,(anonymous_1)
FNF:2
FNH:2
FNDA:17,(anonymous_0)
FNDA:2,(anonymous_1)
DA:1,2
DA:2,2
DA:4,2
DA:32,2
DA:33,17
DA:34,17
DA:35,17
DA:39,2
DA:40,2
DA:43,2
LF:10
LH:10
BRDA:33,0,0,0
BRDA:33,0,1,17
BRF:2
BRH:1
end_of_record
TN:
SF:routes/auth.js
FN:10,(anonymous_0)
FN:21,(anonymous_1)
FN:69,(anonymous_2)
FN:110,(anonymous_3)
FNF:4
FNH:3
FNDA:18,(anonymous_0)
FNDA:18,(anonymous_1)
FNDA:2,(anonymous_2)
FNDA:0,(anonymous_3)
DA:1,2
DA:2,2
DA:3,2
DA:4,2
DA:5,2
DA:7,2
DA:10,2
DA:11,18
DA:17,2
DA:22,18
DA:23,18
DA:24,18
DA:25,1
DA:28,17
DA:31,17
DA:32,17
DA:33,0
DA:37,17
DA:44,17
DA:46,17
DA:48,17
DA:58,0
DA:59,0
DA:66,2
DA:70,2
DA:71,2
DA:72,2
DA:73,0
DA:76,2
DA:79,2
DA:80,2
DA:81,0
DA:85,2
DA:86,2
DA:87,1
DA:90,1
DA:92,1
DA:102,0
DA:103,0
DA:110,2
DA:111,0
DA:121,2
LF:42
LH:34
BRDA:24,0,0,1
BRDA:24,0,1,17
BRDA:32,1,0,0
BRDA:32,1,1,17
BRDA:41,2,0,6
BRDA:41,2,1,11
BRDA:72,3,0,0
BRDA:72,3,1,2
BRDA:80,4,0,0
BRDA:80,4,1,2
BRDA:86,5,0,1
BRDA:86,5,1,1
BRF:12
BRH:9
end_of_record
TN:
SF:routes/sweets.js
FN:18,(anonymous_0)
FN:40,(anonymous_1)
FN:59,(anonymous_2)
FN:89,(anonymous_3)
FN:112,(anonymous_4)
FN:141,(anonymous_5)
FN:159,(anonymous_6)
FN:187,(anonymous_7)
FNF:8
FNH:4
FNDA:4,(anonymous_0)
FNDA:1,(anonymous_1)
FNDA:0,(anonymous_2)
FNDA:0,(anonymous_3)
FNDA:0,(anonymous_4)
FNDA:0,(anonymous_5)
FNDA:2,(anonymous_6)
FNDA:1,(anonymous_7)
DA:1,2
DA:2,2
DA:3,2
DA:4,2
DA:6,2
DA:11,2
DA:19,4
DA:20,4
DA:21,4
DA:22,0
DA:25,4
DA:27,4
DA:28,4
DA:30,4
DA:32,0
DA:33,0
DA:40,2
DA:41,1
DA:42,1
DA:43,1
DA:45,0
DA:46,0
DA:53,2
DA:60,0
DA:61,0
DA:62,0
DA:64,0
DA:65,0
DA:68,0
DA:69,0
DA:72,0
DA:73,0
DA:74,0
DA:75,0
DA:78,0
DA:79,0
DA:81,0
DA:82,0
DA:89,2
DA:90,0
DA:91,0
DA:92,0
DA:93,0
DA:95,0
DA:97,0
DA:98,0
DA:105,2
DA:113,0
DA:114,0
DA:115,0
DA:116,0
DA:119,0
DA:120,0
DA:121,0
DA:124,0
DA:125,0
DA:126,0
DA:127,0
DA:128,0
DA:130,0
DA:131,0
DA:133,0
DA:134,0
DA:141,2
DA:142,0
DA:143,0
DA:144,0
DA:145,0
DA:148,0
DA:149,0
DA:151,0
DA:152,0
DA:159,2
DA:160,2
DA:161,2
DA:162,2
DA:163,0
DA:166,2
DA:167,1
DA:170,1
DA:171,1
DA:173,1
DA:175,0
DA:176,0
DA:183,2
DA:188,1
DA:189,1
DA:190,1
DA:191,0
DA:194,1
DA:195,1
DA:196,0
DA:199,1
DA:200,1
DA:201,1
DA:203,1
DA:205,0
DA:206,0
DA:210,2
LF:99
LH:41
BRDA:21,0,0,0
BRDA:21,0,1,4
BRDA:64,1,0,0
BRDA:64,1,1,0
BRDA:68,2,0,0
BRDA:68,2,1,0
BRDA:72,3,0,0
BRDA:72,3,1,0
BRDA:72,4,0,0
BRDA:72,4,1,0
BRDA:74,5,0,0
BRDA:74,5,1,0
BRDA:75,6,0,0
BRDA:75,6,1,0
BRDA:92,7,0,0
BRDA:92,7,1,0
BRDA:115,8,0,0
BRDA:115,8,1,0
BRDA:120,9,0,0
BRDA:120,9,1,0
BRDA:125,10,0,0
BRDA:125,10,1,0
BRDA:126,11,0,0
BRDA:126,11,1,0
BRDA:127,12,0,0
BRDA:127,12,1,0
BRDA:128,13,0,0
BRDA:128,13,1,0
BRDA:144,14,0,0
BRDA:144,14,1,0
BRDA:162,15,0,0
BRDA:162,15,1,2
BRDA:166,16,0,1
BRDA:166,16,1,1
BRDA:190,17,0,0
BRDA:190,17,1,1
BRDA:195,18,0,0
BRDA:195,18,1,1
BRF:38
BRH:6
end_of_record
